<?xml version="1.0" encoding="UTF-8"?>
<!-- Generated by org.testng.reporters.JUnitXMLReporter -->
<testsuite ignored="1" hostname="LAPTOP-2EUUN60H" failures="1" tests="7" name="Test" time="0.075" errors="0" timestamp="2023-12-27T21:02:06 IST">
  <testcase classname="test.CashLoan" name="APICashLoan" time="0.011"/>
  <testcase classname="test.CashLoan" name="DeskCashLoan" time="0.006"/>
  <testcase classname="test.CashLoan" name="TestLogin" time="0.004"/>
  <testcase classname="test.CashLoan" name="TestLogin" time="0.001"/>
  <testcase classname="test.CashLoan" name="TestLogin" time="0.0"/>
  <testcase classname="test.CashLoan" name="failedTest" time="0.004">
    <failure type="java.lang.AssertionError" message="expected [true] but found [false]">
      <![CDATA[java.lang.AssertionError: expected [true] but found [false]
at test.CashLoan.failedTest(CashLoan.java:63)
at java.base/java.util.ArrayList.forEach(ArrayList.java:1511)
... Removed 29 stack frames]]>
    </failure>
  </testcase> <!-- failedTest -->
  <testcase classname="test.CashLoan" name="mobileCashLoan" time="0.001"/>
  <testcase classname="test.CashLoan" name="webCashLoan" time="0.0">
    <ignored/>
  </testcase> <!-- webCashLoan -->
</testsuite> <!-- Test -->
